<html>
<head>
<title>TestNG:  OperationModules</title>
<link href="../testng.css" rel="stylesheet" type="text/css" />
<link href="../my-testng.css" rel="stylesheet" type="text/css" />

<style type="text/css">
.log { display: none;} 
.stack-trace { display: none;} 
</style>
<script type="text/javascript">
<!--
function flip(e) {
  current = e.style.display;
  if (current == 'block') {
    e.style.display = 'none';
    return 0;
  }
  else {
    e.style.display = 'block';
    return 1;
  }
}

function toggleBox(szDivId, elem, msg1, msg2)
{
  var res = -1;  if (document.getElementById) {
    res = flip(document.getElementById(szDivId));
  }
  else if (document.all) {
    // this is the way old msie versions work
    res = flip(document.all[szDivId]);
  }
  if(elem) {
    if(res == 0) elem.innerHTML = msg1; else elem.innerHTML = msg2;
  }

}

function toggleAllBoxes() {
  if (document.getElementsByTagName) {
    d = document.getElementsByTagName('div');
    for (i = 0; i < d.length; i++) {
      if (d[i].className == 'log') {
        flip(d[i]);
      }
    }
  }
}

// -->
</script>

</head>
<body>
<h2 align='center'>OperationModules</h2><table border='1' align="center">
<tr>
<td>Tests passed/Failed/Skipped:</td><td>22/1/0</td>
</tr><tr>
<td>Started on:</td><td>Sun May 04 20:46:21 WIB 2025</td>
</tr>
<tr><td>Total time:</td><td>0 seconds (581 ms)</td>
</tr><tr>
<td>Included groups:</td><td></td>
</tr><tr>
<td>Excluded groups:</td><td></td>
</tr>
</table><p/>
<small><i>(Hover the method name to see the test class name)</i></small><p/>
<table width='100%' border='1' class='invocation-failed'>
<tr><td colspan='4' align='center'><b>FAILED TESTS</b></td></tr>
<tr><td><b>Test method</b></td>
<td><b>Attribute(s)</b></td>
<td width="30%"><b>Exception</b></td>
<td width="10%"><b>Time (seconds)</b></td>
<td><b>Instance</b></td>
</tr>
<tr>
<td title='com.swt.OperationTest.add_TC1_posInt()'><b>add_TC1_posInt</b><br>Test class: com.swt.OperationTest</td>
<td><div><pre>java.lang.AssertionError: expected [163.0] but found [162.0]
	at com.swt.OperationTest.add_TC1_posInt(OperationTest.java:14)
	at java.base/java.util.ArrayList.forEach(ArrayList.java:1596)
... Removed 33 stack frames</pre></div><a href='#' onClick='toggleBox("stack-trace432430300", this, "Click to show all stack frames", "Click to hide stack frames")'>Click to show all stack frames</a>
<div class='stack-trace' id='stack-trace432430300'><pre>java.lang.AssertionError: expected [163.0] but found [162.0]
	at org.testng.Assert.fail(Assert.java:111)
	at org.testng.Assert.failNotEquals(Assert.java:1590)
	at org.testng.Assert.assertEquals(Assert.java:728)
	at org.testng.Assert.assertEquals(Assert.java:775)
	at com.swt.OperationTest.add_TC1_posInt(OperationTest.java:14)
	at java.base/jdk.internal.reflect.DirectMethodHandleAccessor.invoke(DirectMethodHandleAccessor.java:103)
	at java.base/java.lang.reflect.Method.invoke(Method.java:580)
	at org.testng.internal.invokers.MethodInvocationHelper.invokeMethod(MethodInvocationHelper.java:141)
	at org.testng.internal.invokers.TestInvoker.invokeMethod(TestInvoker.java:687)
	at org.testng.internal.invokers.TestInvoker.invokeTestMethod(TestInvoker.java:230)
	at org.testng.internal.invokers.MethodRunner.runInSequence(MethodRunner.java:63)
	at org.testng.internal.invokers.TestInvoker$MethodInvocationAgent.invoke(TestInvoker.java:995)
	at org.testng.internal.invokers.TestInvoker.invokeTestMethods(TestInvoker.java:203)
	at org.testng.internal.invokers.TestMethodWorker.invokeTestMethods(TestMethodWorker.java:154)
	at org.testng.internal.invokers.TestMethodWorker.run(TestMethodWorker.java:134)
	at java.base/java.util.ArrayList.forEach(ArrayList.java:1596)
	at org.testng.TestRunner.privateRun(TestRunner.java:741)
	at org.testng.TestRunner.run(TestRunner.java:616)
	at org.testng.SuiteRunner.runTest(SuiteRunner.java:421)
	at org.testng.SuiteRunner.runSequentially(SuiteRunner.java:413)
	at org.testng.SuiteRunner.privateRun(SuiteRunner.java:373)
	at org.testng.SuiteRunner.run(SuiteRunner.java:312)
	at org.testng.SuiteRunnerWorker.runSuite(SuiteRunnerWorker.java:52)
	at org.testng.SuiteRunnerWorker.run(SuiteRunnerWorker.java:95)
	at org.testng.TestNG.runSuitesSequentially(TestNG.java:1274)
	at org.testng.TestNG.runSuitesLocally(TestNG.java:1208)
	at org.testng.TestNG.runSuites(TestNG.java:1112)
	at org.testng.TestNG.run(TestNG.java:1079)
	at org.apache.maven.surefire.testng.TestNGExecutor.run(TestNGExecutor.java:284)
	at org.apache.maven.surefire.testng.TestNGXmlTestSuite.execute(TestNGXmlTestSuite.java:75)
	at org.apache.maven.surefire.testng.TestNGProvider.invoke(TestNGProvider.java:119)
	at org.apache.maven.surefire.booter.ForkedBooter.runSuitesInProcess(ForkedBooter.java:428)
	at org.apache.maven.surefire.booter.ForkedBooter.execute(ForkedBooter.java:162)
	at org.apache.maven.surefire.booter.ForkedBooter.run(ForkedBooter.java:562)
	at org.apache.maven.surefire.booter.ForkedBooter.main(ForkedBooter.java:548)
</pre></div></td>
<td>0</td>
<td>com.swt.OperationTest@4d5650ae</td></tr>
</table><p>
<table width='100%' border='1' class='invocation-passed'>
<tr><td colspan='4' align='center'><b>PASSED TESTS</b></td></tr>
<tr><td><b>Test method</b></td>
<td><b>Attribute(s)</b></td>
<td width="30%"><b>Exception</b></td>
<td width="10%"><b>Time (seconds)</b></td>
<td><b>Instance</b></td>
</tr>
<tr>
<td title='com.swt.OperationTest.div_TC4_posFloat()'><b>div_TC4_posFloat</b><br>Test class: com.swt.OperationTest</td>
<td></td>
<td>0</td>
<td>com.swt.OperationTest@4d5650ae</td></tr>
<tr>
<td title='com.swt.OperationTest.mul_TC5_zero()'><b>mul_TC5_zero</b><br>Test class: com.swt.OperationTest</td>
<td></td>
<td>0</td>
<td>com.swt.OperationTest@4d5650ae</td></tr>
<tr>
<td title='com.swt.OperationTest.div_TC1_posInt()'><b>div_TC1_posInt</b><br>Test class: com.swt.OperationTest</td>
<td></td>
<td>0</td>
<td>com.swt.OperationTest@4d5650ae</td></tr>
<tr>
<td title='com.swt.OperationTest.mul_TC1_posInt()'><b>mul_TC1_posInt</b><br>Test class: com.swt.OperationTest</td>
<td></td>
<td>0</td>
<td>com.swt.OperationTest@4d5650ae</td></tr>
<tr>
<td title='com.swt.OperationTest.mul_TC3_mixInt()'><b>mul_TC3_mixInt</b><br>Test class: com.swt.OperationTest</td>
<td></td>
<td>0</td>
<td>com.swt.OperationTest@4d5650ae</td></tr>
<tr>
<td title='com.swt.OperationTest.add_TC3_mixInt()'><b>add_TC3_mixInt</b><br>Test class: com.swt.OperationTest</td>
<td></td>
<td>0</td>
<td>com.swt.OperationTest@4d5650ae</td></tr>
<tr>
<td title='com.swt.OperationTest.div_TC3_mixInt()'><b>div_TC3_mixInt</b><br>Test class: com.swt.OperationTest</td>
<td></td>
<td>0</td>
<td>com.swt.OperationTest@4d5650ae</td></tr>
<tr>
<td title='com.swt.OperationTest.sub_TC2_negInt()'><b>sub_TC2_negInt</b><br>Test class: com.swt.OperationTest</td>
<td></td>
<td>0</td>
<td>com.swt.OperationTest@4d5650ae</td></tr>
<tr>
<td title='com.swt.OperationTest.sub_TC3_mixInt()'><b>sub_TC3_mixInt</b><br>Test class: com.swt.OperationTest</td>
<td></td>
<td>0</td>
<td>com.swt.OperationTest@4d5650ae</td></tr>
<tr>
<td title='com.swt.OperationTest.div_TC5_negFloat()'><b>div_TC5_negFloat</b><br>Test class: com.swt.OperationTest</td>
<td></td>
<td>0</td>
<td>com.swt.OperationTest@4d5650ae</td></tr>
<tr>
<td title='com.swt.OperationTest.mul_TC4_mixDec()'><b>mul_TC4_mixDec</b><br>Test class: com.swt.OperationTest</td>
<td></td>
<td>0</td>
<td>com.swt.OperationTest@4d5650ae</td></tr>
<tr>
<td title='com.swt.OperationTest.sub_TC7_zero()'><b>sub_TC7_zero</b><br>Test class: com.swt.OperationTest</td>
<td></td>
<td>0</td>
<td>com.swt.OperationTest@4d5650ae</td></tr>
<tr>
<td title='com.swt.OperationTest.add_TC2_negInt()'><b>add_TC2_negInt</b><br>Test class: com.swt.OperationTest</td>
<td></td>
<td>0</td>
<td>com.swt.OperationTest@4d5650ae</td></tr>
<tr>
<td title='com.swt.OperationTest.div_TC6_mixFloat()'><b>div_TC6_mixFloat</b><br>Test class: com.swt.OperationTest</td>
<td></td>
<td>0</td>
<td>com.swt.OperationTest@4d5650ae</td></tr>
<tr>
<td title='com.swt.OperationTest.sub_TC4_posFloat()'><b>sub_TC4_posFloat</b><br>Test class: com.swt.OperationTest</td>
<td></td>
<td>0</td>
<td>com.swt.OperationTest@4d5650ae</td></tr>
<tr>
<td title='com.swt.OperationTest.add_TC5_zero()'><b>add_TC5_zero</b><br>Test class: com.swt.OperationTest</td>
<td></td>
<td>0</td>
<td>com.swt.OperationTest@4d5650ae</td></tr>
<tr>
<td title='com.swt.OperationTest.div_TC2_negInt()'><b>div_TC2_negInt</b><br>Test class: com.swt.OperationTest</td>
<td></td>
<td>0</td>
<td>com.swt.OperationTest@4d5650ae</td></tr>
<tr>
<td title='com.swt.OperationTest.sub_TC1_posInt()'><b>sub_TC1_posInt</b><br>Test class: com.swt.OperationTest</td>
<td></td>
<td>0</td>
<td>com.swt.OperationTest@4d5650ae</td></tr>
<tr>
<td title='com.swt.OperationTest.mul_TC2_negInt()'><b>mul_TC2_negInt</b><br>Test class: com.swt.OperationTest</td>
<td></td>
<td>0</td>
<td>com.swt.OperationTest@4d5650ae</td></tr>
<tr>
<td title='com.swt.OperationTest.sub_TC6_mixFloat()'><b>sub_TC6_mixFloat</b><br>Test class: com.swt.OperationTest</td>
<td></td>
<td>0</td>
<td>com.swt.OperationTest@4d5650ae</td></tr>
<tr>
<td title='com.swt.OperationTest.sub_TC5_negFloat()'><b>sub_TC5_negFloat</b><br>Test class: com.swt.OperationTest</td>
<td></td>
<td>0</td>
<td>com.swt.OperationTest@4d5650ae</td></tr>
<tr>
<td title='com.swt.OperationTest.add_TC4_mixDec()'><b>add_TC4_mixDec</b><br>Test class: com.swt.OperationTest</td>
<td></td>
<td>0</td>
<td>com.swt.OperationTest@4d5650ae</td></tr>
</table><p>
</body>
</html>