<?xml version="1.0" encoding="UTF-8"?>
<!-- Generated by org.testng.reporters.JUnitXMLReporter -->
<testsuite ignored="0" hostname="LAPTOP-N8E3DN4O" failures="1" tests="23" name="OperationModules" time="0.581" errors="0" timestamp="2025-05-04T20:46:21 WIB">
  <testcase classname="com.swt.OperationTest" name="add_TC1_posInt" time="0.141">
    <failure type="java.lang.AssertionError" message="expected [163.0] but found [162.0]">
      <![CDATA[java.lang.AssertionError: expected [163.0] but found [162.0]
at com.swt.OperationTest.add_TC1_posInt(OperationTest.java:14)
at java.base/java.util.ArrayList.forEach(ArrayList.java:1596)
... Removed 33 stack frames]]>
    </failure>
  </testcase> <!-- add_TC1_posInt -->
  <testcase classname="com.swt.OperationTest" name="add_TC2_negInt" time="0.004"/>
  <testcase classname="com.swt.OperationTest" name="add_TC3_mixInt" time="0.004"/>
  <testcase classname="com.swt.OperationTest" name="add_TC4_mixDec" time="0.004"/>
  <testcase classname="com.swt.OperationTest" name="add_TC5_zero" time="0.005"/>
  <testcase classname="com.swt.OperationTest" name="div_TC1_posInt" time="0.003"/>
  <testcase classname="com.swt.OperationTest" name="div_TC2_negInt" time="0.003"/>
  <testcase classname="com.swt.OperationTest" name="div_TC3_mixInt" time="0.004"/>
  <testcase classname="com.swt.OperationTest" name="div_TC4_posFloat" time="0.003"/>
  <testcase classname="com.swt.OperationTest" name="div_TC5_negFloat" time="0.004"/>
  <testcase classname="com.swt.OperationTest" name="div_TC6_mixFloat" time="0.003"/>
  <testcase classname="com.swt.OperationTest" name="mul_TC1_posInt" time="0.004"/>
  <testcase classname="com.swt.OperationTest" name="mul_TC2_negInt" time="0.003"/>
  <testcase classname="com.swt.OperationTest" name="mul_TC3_mixInt" time="0.004"/>
  <testcase classname="com.swt.OperationTest" name="mul_TC4_mixDec" time="0.004"/>
  <testcase classname="com.swt.OperationTest" name="mul_TC5_zero" time="0.004"/>
  <testcase classname="com.swt.OperationTest" name="sub_TC1_posInt" time="0.004"/>
  <testcase classname="com.swt.OperationTest" name="sub_TC2_negInt" time="0.004"/>
  <testcase classname="com.swt.OperationTest" name="sub_TC3_mixInt" time="0.003"/>
  <testcase classname="com.swt.OperationTest" name="sub_TC4_posFloat" time="0.004"/>
  <testcase classname="com.swt.OperationTest" name="sub_TC5_negFloat" time="0.004"/>
  <testcase classname="com.swt.OperationTest" name="sub_TC6_mixFloat" time="0.004"/>
  <testcase classname="com.swt.OperationTest" name="sub_TC7_zero" time="0.004"/>
</testsuite> <!-- OperationModules -->
