<?xml version="1.0" encoding="UTF-8"?>
<testsuite xmlns:xsi="http://www.w3.org/2001/XMLSchema-instance" xsi:noNamespaceSchemaLocation="https://maven.apache.org/surefire/maven-surefire-plugin/xsd/surefire-test-report-3.0.xsd" version="3.0" name="TestSuite" time="2.54" tests="54" errors="0" skipped="0" failures="1">
  <properties>
    <property name="java.specification.version" value="21"/>
    <property name="sun.cpu.isalist" value="amd64"/>
    <property name="sun.jnu.encoding" value="Cp1252"/>
    <property name="java.class.path" value="C:\Users\fanez\Documents\Semester 6\SWT\PRAKTEK\w89\kalkulator-simple\target\test-classes;C:\Users\fanez\Documents\Semester 6\SWT\PRAKTEK\w89\kalkulator-simple\target\classes;C:\Users\fanez\.m2\repository\org\testng\testng\7.11.0\testng-7.11.0.jar;C:\Users\fanez\.m2\repository\org\slf4j\slf4j-api\2.0.16\slf4j-api-2.0.16.jar;C:\Users\fanez\.m2\repository\org\jcommander\jcommander\1.83\jcommander-1.83.jar;C:\Users\fanez\.m2\repository\org\webjars\jquery\3.7.1\jquery-3.7.1.jar;C:\Users\fanez\.m2\repository\io\qameta\allure\allure-testng\2.29.1\allure-testng-2.29.1.jar;C:\Users\fanez\.m2\repository\io\qameta\allure\allure-java-commons\2.29.1\allure-java-commons-2.29.1.jar;C:\Users\fanez\.m2\repository\io\qameta\allure\allure-model\2.29.1\allure-model-2.29.1.jar;C:\Users\fanez\.m2\repository\io\qameta\allure\allure-test-filter\2.29.1\allure-test-filter-2.29.1.jar;"/>
    <property name="java.vm.vendor" value="Oracle Corporation"/>
    <property name="sun.arch.data.model" value="64"/>
    <property name="user.variant" value=""/>
    <property name="java.vendor.url" value="https://java.oracle.com/"/>
    <property name="user.timezone" value="Asia/Jakarta"/>
    <property name="os.name" value="Windows 11"/>
    <property name="java.vm.specification.version" value="21"/>
    <property name="sun.java.launcher" value="SUN_STANDARD"/>
    <property name="user.country" value="ID"/>
    <property name="sun.boot.library.path" value="C:\Program Files\Java\jdk-21\bin"/>
    <property name="sun.java.command" value="C:\Users\fanez\AppData\Local\Temp\surefire8813282006168596033\surefirebooter13753031741209950834.jar C:\Users\fanez\AppData\Local\Temp\surefire8813282006168596033 2025-05-04T20-46-18_696-jvmRun1 surefire16653020208186741815tmp surefire_02930476054572478761tmp"/>
    <property name="jdk.debug" value="release"/>
    <property name="surefire.test.class.path" value="C:\Users\fanez\Documents\Semester 6\SWT\PRAKTEK\w89\kalkulator-simple\target\test-classes;C:\Users\fanez\Documents\Semester 6\SWT\PRAKTEK\w89\kalkulator-simple\target\classes;C:\Users\fanez\.m2\repository\org\testng\testng\7.11.0\testng-7.11.0.jar;C:\Users\fanez\.m2\repository\org\slf4j\slf4j-api\2.0.16\slf4j-api-2.0.16.jar;C:\Users\fanez\.m2\repository\org\jcommander\jcommander\1.83\jcommander-1.83.jar;C:\Users\fanez\.m2\repository\org\webjars\jquery\3.7.1\jquery-3.7.1.jar;C:\Users\fanez\.m2\repository\io\qameta\allure\allure-testng\2.29.1\allure-testng-2.29.1.jar;C:\Users\fanez\.m2\repository\io\qameta\allure\allure-java-commons\2.29.1\allure-java-commons-2.29.1.jar;C:\Users\fanez\.m2\repository\io\qameta\allure\allure-model\2.29.1\allure-model-2.29.1.jar;C:\Users\fanez\.m2\repository\io\qameta\allure\allure-test-filter\2.29.1\allure-test-filter-2.29.1.jar;"/>
    <property name="sun.cpu.endian" value="little"/>
    <property name="user.home" value="C:\Users\fanez"/>
    <property name="user.language" value="en"/>
    <property name="java.specification.vendor" value="Oracle Corporation"/>
    <property name="java.version.date" value="2024-10-15"/>
    <property name="java.home" value="C:\Program Files\Java\jdk-21"/>
    <property name="file.separator" value="\"/>
    <property name="basedir" value="C:\Users\fanez\Documents\Semester 6\SWT\PRAKTEK\w89\kalkulator-simple"/>
    <property name="java.vm.compressedOopsMode" value="Zero based"/>
    <property name="line.separator" value="&#10;"/>
    <property name="java.vm.specification.vendor" value="Oracle Corporation"/>
    <property name="java.specification.name" value="Java Platform API Specification"/>
    <property name="surefire.real.class.path" value="C:\Users\fanez\AppData\Local\Temp\surefire8813282006168596033\surefirebooter13753031741209950834.jar"/>
    <property name="user.script" value=""/>
    <property name="sun.management.compiler" value="HotSpot 64-Bit Tiered Compilers"/>
    <property name="java.runtime.version" value="21.0.5+9-LTS-239"/>
    <property name="user.name" value="fanez"/>
    <property name="stdout.encoding" value="Cp1252"/>
    <property name="path.separator" value=";"/>
    <property name="os.version" value="10.0"/>
    <property name="java.runtime.name" value="Java(TM) SE Runtime Environment"/>
    <property name="file.encoding" value="UTF-8"/>
    <property name="java.vm.name" value="Java HotSpot(TM) 64-Bit Server VM"/>
    <property name="localRepository" value="C:\Users\fanez\.m2\repository"/>
    <property name="java.vendor.url.bug" value="https://bugreport.java.com/bugreport/"/>
    <property name="java.io.tmpdir" value="C:\Users\fanez\AppData\Local\Temp\"/>
    <property name="java.version" value="21.0.5"/>
    <property name="user.dir" value="C:\Users\fanez\Documents\Semester 6\SWT\PRAKTEK\w89\kalkulator-simple"/>
    <property name="os.arch" value="amd64"/>
    <property name="java.vm.specification.name" value="Java Virtual Machine Specification"/>
    <property name="sun.os.patch.level" value=""/>
    <property name="native.encoding" value="Cp1252"/>
    <property name="java.library.path" value="C:\Program Files\Java\jdk-21\bin;C:\WINDOWS\Sun\Java\bin;C:\WINDOWS\system32;C:\WINDOWS;C:\Program Files (x86)\VMware\VMware Workstation\bin\;C:\app\fanez\product\21c\dbhomeXE\bin;C:\Program Files\Python311\Scripts\;C:\Program Files\Python311\;C:\Program Files\Common Files\Oracle\Java\javapath;C:\Program Files (x86)\Common Files\Oracle\Java\java8path;C:\Program Files (x86)\Common Files\Oracle\Java\javapath;C:\Program Files (x86)\Razer\ChromaBroadcast\bin;C:\Program Files\Razer\ChromaBroadcast\bin;C:\Windows\system32;C:\Windows;C:\Windows\System32\Wbem;C:\Windows\System32\WindowsPowerShell\v1.0\;C:\Windows\System32\OpenSSH\;C:\Program Files (x86)\NVIDIA Corporation\PhysX\Common;C:\Program Files\NVIDIA Corporation\NVIDIA NvDLISR;C:\MinGW\bin;C:\Windows\system32\config\systemprofile\AppData\Local\Microsoft\WindowsApps;C:\WINDOWS\system32;C:\WINDOWS;C:\WINDOWS\System32\Wbem;C:\WINDOWS\System32\WindowsPowerShell\v1.0\;C:\WINDOWS\System32\OpenSSH\;C:\Users\fanez\AppData\Local\Microsoft\WindowsApps;C:\Users\fanez\AppData\Local\Programs\Microsoft VS Code\bin;C:\Program Files\Git\cmd;C:\Users\fanez\Documents\chromedriver_win32;C:\Program Files\PuTTY\;C:\Strawberry\c\bin;C:\Strawberry\perl\site\bin;C:\Strawberry\perl\bin;C:\ProgramData\chocolatey\bin;C:\Program Files\dotnet\;C:\Program Files\swipl\bin;C:\xampp\php;C:\ProgramData\ComposerSetup\bin;C:\Program Files\Go\bin;C:\Program Files\Docker\Docker\resources\bin;C:\Users\fanez\AppData\Local\nvm;C:\nvm4w\nodejs;C:\apache-maven-3.9.9\bin;;C:\WINDOWS\system32;C:\WINDOWS;C:\WINDOWS\System32\Wbem;C:\WINDOWS\System32\WindowsPowerShell\v1.0\;C:\WINDOWS\System32\OpenSSH\;C:\Program Files\Kubernetes\Minikube;C:\Program Files\Java\jdk-21\bin;C:\Users\fanez\.cargo\bin;C:\Ruby32-x64\bin;C:\Program Files\Common Files\Oracle\Java\javapath;C:\Program Files (x86)\Razer\ChromaBroadcast\bin;C:\Program Files\Razer\ChromaBroadcast\bin;C:\Windows\system32;C:\Windows;C:\Windows\System32\Wbem;C:\Windows\System32\WindowsPowerShell\v1.0\;C:\Windows\System32\OpenSSH\;C:\Program Files (x86)\NVIDIA Corporation\PhysX\Common;C:\Program Files\NVIDIA Corporation\NVIDIA NvDLISR;C:\MinGW\bin;C:\Windows\system32\config\systemprofile\AppData\Local\Microsoft\WindowsApps;C:\WINDOWS\system32;C:\WINDOWS;C:\WINDOWS\System32\Wbem;C:\WINDOWS\System32\WindowsPowerShell\v1.0\;C:\WINDOWS\System32\OpenSSH\;C:\Users\fanez\AppData\Local\Microsoft\WindowsApps;C:\Users\fanez\AppData\Local\Programs\Microsoft VS Code\bin;C:\Users\fanez\AppData\Local\GitHubDesktop\bin;C:\Users\fanez\AppData\Local\spicetify;C:\Users\fanez\AppData\Roaming\cabal\bin;C:\tools\ghc-9.6.2\bin;C:\tools\msys64;C:\ghcup\bin;C:\Users\fanez\AppData\Roaming\Composer\vendor\bin;C:\Users\fanez\AppData\Roaming\npm;C:\Users\fanez\go\bin;C:\Users\fanez\AppData\Local\nvm;C:\nvm4w\nodejs;;C:\Users\fanez\AppData\Local\Microsoft\WindowsApps;c:\Users\fanez\AppData\Roaming\Code\User\globalStorage\github.copilot-chat\debugCommand;."/>
    <property name="java.vm.info" value="mixed mode, sharing"/>
    <property name="stderr.encoding" value="Cp1252"/>
    <property name="java.vendor" value="Oracle Corporation"/>
    <property name="java.vm.version" value="21.0.5+9-LTS-239"/>
    <property name="sun.io.unicode.encoding" value="UnicodeLittle"/>
    <property name="java.class.version" value="65.0"/>
  </properties>
  <testcase name="add_TC1_posInt" classname="com.swt.OperationTest" time="0.259">
    <failure message="expected [163.0] but found [162.0]" type="java.lang.AssertionError"><![CDATA[java.lang.AssertionError: expected [163.0] but found [162.0]
	at com.swt.OperationTest.add_TC1_posInt(OperationTest.java:14)
]]></failure>
    <system-err><![CDATA[SLF4J(W): No SLF4J providers were found.
SLF4J(W): Defaulting to no-operation (NOP) logger implementation
SLF4J(W): See https://www.slf4j.org/codes.html#noProviders for further details.
]]></system-err>
  </testcase>
  <testcase name="add_TC2_negInt" classname="com.swt.OperationTest" time="0.009"/>
  <testcase name="add_TC3_mixInt" classname="com.swt.OperationTest" time="0.006"/>
  <testcase name="add_TC4_mixDec" classname="com.swt.OperationTest" time="0.006"/>
  <testcase name="add_TC5_zero" classname="com.swt.OperationTest" time="0.007"/>
  <testcase name="div_TC1_posInt" classname="com.swt.OperationTest" time="0.007"/>
  <testcase name="div_TC2_negInt" classname="com.swt.OperationTest" time="0.005"/>
  <testcase name="div_TC3_mixInt" classname="com.swt.OperationTest" time="0.006"/>
  <testcase name="div_TC4_posFloat" classname="com.swt.OperationTest" time="0.005"/>
  <testcase name="div_TC5_negFloat" classname="com.swt.OperationTest" time="0.006"/>
  <testcase name="div_TC6_mixFloat" classname="com.swt.OperationTest" time="0.006"/>
  <testcase name="mul_TC1_posInt" classname="com.swt.OperationTest" time="0.006"/>
  <testcase name="mul_TC2_negInt" classname="com.swt.OperationTest" time="0.006"/>
  <testcase name="mul_TC3_mixInt" classname="com.swt.OperationTest" time="0.005"/>
  <testcase name="mul_TC4_mixDec" classname="com.swt.OperationTest" time="0.006"/>
  <testcase name="mul_TC5_zero" classname="com.swt.OperationTest" time="0.005"/>
  <testcase name="sub_TC1_posInt" classname="com.swt.OperationTest" time="0.006"/>
  <testcase name="sub_TC2_negInt" classname="com.swt.OperationTest" time="0.006"/>
  <testcase name="sub_TC3_mixInt" classname="com.swt.OperationTest" time="0.004"/>
  <testcase name="sub_TC4_posFloat" classname="com.swt.OperationTest" time="0.006"/>
  <testcase name="sub_TC5_negFloat" classname="com.swt.OperationTest" time="0.006"/>
  <testcase name="sub_TC6_mixFloat" classname="com.swt.OperationTest" time="0.007"/>
  <testcase name="sub_TC7_zero" classname="com.swt.OperationTest" time="0.005"/>
  <testcase name="checkDivisor_TC1" classname="com.swt.ValidatorTest" time="0.006"/>
  <testcase name="checkDivisor_TC2" classname="com.swt.ValidatorTest" time="0.005"/>
  <testcase name="checkNumeric_TC1" classname="com.swt.ValidatorTest" time="0.005"/>
  <testcase name="checkNumeric_TC2" classname="com.swt.ValidatorTest" time="0.007"/>
  <testcase name="checkNumeric_TC3" classname="com.swt.ValidatorTest" time="0.006"/>
  <testcase name="checkOperator_TC1" classname="com.swt.ValidatorTest" time="0.006"/>
  <testcase name="checkOperator_TC2" classname="com.swt.ValidatorTest" time="0.006"/>
  <testcase name="checkOperator_TC3" classname="com.swt.ValidatorTest" time="0.006"/>
  <testcase name="checkOperator_TC4" classname="com.swt.ValidatorTest" time="0.005"/>
  <testcase name="checkOperator_TC5" classname="com.swt.ValidatorTest" time="0.004"/>
  <testcase name="checkRange_TC1" classname="com.swt.ValidatorTest" time="0.006"/>
  <testcase name="checkRange_TC2" classname="com.swt.ValidatorTest" time="0.005"/>
  <testcase name="checkRange_TC3" classname="com.swt.ValidatorTest" time="0.006"/>
  <testcase name="checkRange_TC4" classname="com.swt.ValidatorTest" time="0.006"/>
  <testcase name="checkRange_TC5" classname="com.swt.ValidatorTest" time="0.006"/>
  <testcase name="compute_TC1" classname="com.swt.ComputationTest" time="0.007"/>
  <testcase name="compute_TC2" classname="com.swt.ComputationTest" time="0.006"/>
  <testcase name="compute_TC3" classname="com.swt.ComputationTest" time="0.005"/>
  <testcase name="compute_TC4" classname="com.swt.ComputationTest" time="0.006"/>
  <testcase name="compute_TC5" classname="com.swt.ComputationTest" time="0.007"/>
  <testcase name="printError_TC1" classname="com.swt.ResultPrinterTest" time="0.011"/>
  <testcase name="printError_TC2" classname="com.swt.ResultPrinterTest" time="0.007"/>
  <testcase name="printError_TC3" classname="com.swt.ResultPrinterTest" time="0.007"/>
  <testcase name="printError_TC4" classname="com.swt.ResultPrinterTest" time="0.008"/>
  <testcase name="printError_TC5" classname="com.swt.ResultPrinterTest" time="0.008"/>
  <testcase name="printResult_TC1" classname="com.swt.ResultPrinterTest" time="0.01"/>
  <testcase name="main_TC1" classname="com.swt.AppTest" time="0.018"/>
  <testcase name="main_TC2" classname="com.swt.AppTest" time="0.018"/>
  <testcase name="main_TC3" classname="com.swt.AppTest" time="0.014"/>
  <testcase name="main_TC4" classname="com.swt.AppTest" time="0.009"/>
  <testcase name="main_TC5" classname="com.swt.AppTest" time="0.01"/>
</testsuite>