<?xml version="1.0" encoding="UTF-8"?>
<!-- Generated by org.testng.reporters.JUnitReportReporter -->
<testsuite hostname="LAPTOP-N8E3DN4O" failures="1" tests="23" name="com.swt.OperationTest" time="0.224" errors="0" timestamp="2025-05-04T20:46:22 WIB" skipped="0">
  <testcase classname="com.swt.OperationTest" name="div_TC4_posFloat" time="0.003"/>
  <testcase classname="com.swt.OperationTest" name="mul_TC5_zero" time="0.004"/>
  <testcase classname="com.swt.OperationTest" name="div_TC1_posInt" time="0.003"/>
  <testcase classname="com.swt.OperationTest" name="mul_TC1_posInt" time="0.004"/>
  <testcase classname="com.swt.OperationTest" name="mul_TC3_mixInt" time="0.004"/>
  <testcase classname="com.swt.OperationTest" name="add_TC3_mixInt" time="0.004"/>
  <testcase classname="com.swt.OperationTest" name="div_TC3_mixInt" time="0.004"/>
  <testcase classname="com.swt.OperationTest" name="sub_TC2_negInt" time="0.004"/>
  <testcase classname="com.swt.OperationTest" name="sub_TC3_mixInt" time="0.003"/>
  <testcase classname="com.swt.OperationTest" name="div_TC5_negFloat" time="0.004"/>
  <testcase classname="com.swt.OperationTest" name="mul_TC4_mixDec" time="0.004"/>
  <testcase classname="com.swt.OperationTest" name="sub_TC7_zero" time="0.004"/>
  <testcase classname="com.swt.OperationTest" name="add_TC2_negInt" time="0.004"/>
  <testcase classname="com.swt.OperationTest" name="div_TC6_mixFloat" time="0.003"/>
  <testcase classname="com.swt.OperationTest" name="sub_TC4_posFloat" time="0.004"/>
  <testcase classname="com.swt.OperationTest" name="add_TC5_zero" time="0.005"/>
  <testcase classname="com.swt.OperationTest" name="add_TC1_posInt" time="0.141">
    <failure message="expected [163.0] but found [162.0]" type="java.lang.AssertionError">
      <![CDATA[java.lang.AssertionError: expected [163.0] but found [162.0]
at org.testng.Assert.fail(Assert.java:111)
at org.testng.Assert.failNotEquals(Assert.java:1590)
at org.testng.Assert.assertEquals(Assert.java:728)
at org.testng.Assert.assertEquals(Assert.java:775)
at com.swt.OperationTest.add_TC1_posInt(OperationTest.java:14)
at java.base/jdk.internal.reflect.DirectMethodHandleAccessor.invoke(DirectMethodHandleAccessor.java:103)
at java.base/java.lang.reflect.Method.invoke(Method.java:580)
at org.testng.internal.invokers.MethodInvocationHelper.invokeMethod(MethodInvocationHelper.java:141)
at org.testng.internal.invokers.TestInvoker.invokeMethod(TestInvoker.java:687)
at org.testng.internal.invokers.TestInvoker.invokeTestMethod(TestInvoker.java:230)
at org.testng.internal.invokers.MethodRunner.runInSequence(MethodRunner.java:63)
at org.testng.internal.invokers.TestInvoker$MethodInvocationAgent.invoke(TestInvoker.java:995)
at org.testng.internal.invokers.TestInvoker.invokeTestMethods(TestInvoker.java:203)
at org.testng.internal.invokers.TestMethodWorker.invokeTestMethods(TestMethodWorker.java:154)
at org.testng.internal.invokers.TestMethodWorker.run(TestMethodWorker.java:134)
at java.base/java.util.ArrayList.forEach(ArrayList.java:1596)
at org.testng.TestRunner.privateRun(TestRunner.java:741)
at org.testng.TestRunner.run(TestRunner.java:616)
at org.testng.SuiteRunner.runTest(SuiteRunner.java:421)
at org.testng.SuiteRunner.runSequentially(SuiteRunner.java:413)
at org.testng.SuiteRunner.privateRun(SuiteRunner.java:373)
at org.testng.SuiteRunner.run(SuiteRunner.java:312)
at org.testng.SuiteRunnerWorker.runSuite(SuiteRunnerWorker.java:52)
at org.testng.SuiteRunnerWorker.run(SuiteRunnerWorker.java:95)
at org.testng.TestNG.runSuitesSequentially(TestNG.java:1274)
at org.testng.TestNG.runSuitesLocally(TestNG.java:1208)
at org.testng.TestNG.runSuites(TestNG.java:1112)
at org.testng.TestNG.run(TestNG.java:1079)
at org.apache.maven.surefire.testng.TestNGExecutor.run(TestNGExecutor.java:284)
at org.apache.maven.surefire.testng.TestNGXmlTestSuite.execute(TestNGXmlTestSuite.java:75)
at org.apache.maven.surefire.testng.TestNGProvider.invoke(TestNGProvider.java:119)
at org.apache.maven.surefire.booter.ForkedBooter.runSuitesInProcess(ForkedBooter.java:428)
at org.apache.maven.surefire.booter.ForkedBooter.execute(ForkedBooter.java:162)
at org.apache.maven.surefire.booter.ForkedBooter.run(ForkedBooter.java:562)
at org.apache.maven.surefire.booter.ForkedBooter.main(ForkedBooter.java:548)
]]>
    </failure>
  </testcase> <!-- add_TC1_posInt -->
  <testcase classname="com.swt.OperationTest" name="div_TC2_negInt" time="0.003"/>
  <testcase classname="com.swt.OperationTest" name="sub_TC1_posInt" time="0.004"/>
  <testcase classname="com.swt.OperationTest" name="mul_TC2_negInt" time="0.003"/>
  <testcase classname="com.swt.OperationTest" name="sub_TC6_mixFloat" time="0.004"/>
  <testcase classname="com.swt.OperationTest" name="sub_TC5_negFloat" time="0.004"/>
  <testcase classname="com.swt.OperationTest" name="add_TC4_mixDec" time="0.004"/>
</testsuite> <!-- com.swt.OperationTest -->
